<?xml version="1.0" encoding="UTF-8"?>
<!-- Generated by org.testng.reporters.JUnitReportReporter -->
<testsuite hostname="LAPTOP-LQ3S2CE6" name="infy.testcase2" tests="1" failures="0" timestamp="12 Sep 2022 04:47:06 GMT" time="0.000" errors="0">
  <testcase name="tc2" time="0.000" classname="infy.testcase2"/>
</testsuite> <!-- infy.testcase2 -->
