<?xml version="1.0" encoding="UTF-8"?>
<!-- Generated by org.testng.reporters.JUnitReportReporter -->
<testsuite hostname="LAPTOP-LQ3S2CE6" name="infy.testcase1" tests="1" failures="0" timestamp="12 Sep 2022 04:46:46 GMT" time="0.020" errors="0">
  <testcase name="tc1" time="0.020" classname="infy.testcase1"/>
</testsuite> <!-- infy.testcase1 -->
