<?xml version="1.0" encoding="UTF-8"?>
<!-- Generated by org.testng.reporters.JUnitReportReporter -->
<testsuite hostname="LAPTOP-LQ3S2CE6" name="infy.testcase3" tests="1" failures="0" timestamp="12 Sep 2022 04:47:37 GMT" time="0.015" errors="0">
  <testcase name="tc1" time="0.015" classname="infy.testcase3"/>
</testsuite> <!-- infy.testcase3 -->
